{"C:/Users/makel/Documents/react/todo-appTS/src/App.tsx": {"path":"C:/Users/makel/Documents/react/todo-appTS/src/App.tsx","statementMap":{"0":{"start":{"line":14,"column":2},"end":{"line":32,"column":null}}},"fnMap":{"0":{"name":"App","decl":{"start":{"line":13,"column":9},"end":{"line":13,"column":15}},"loc":{"start":{"line":13,"column":15},"end":{"line":34,"column":null}}}},"branchMap":{},"s":{"0":0},"f":{"0":0},"b":{}}
,"C:/Users/makel/Documents/react/todo-appTS/src/main.tsx": {"path":"C:/Users/makel/Documents/react/todo-appTS/src/main.tsx","statementMap":{"0":{"start":{"line":6,"column":0},"end":{"line":10,"column":null}}},"fnMap":{},"branchMap":{},"s":{"0":0},"f":{},"b":{}}
,"C:/Users/makel/Documents/react/todo-appTS/src/components/PrivateRoute.tsx": {"path":"C:/Users/makel/Documents/react/todo-appTS/src/components/PrivateRoute.tsx","statementMap":{"0":{"start":{"line":7,"column":21},"end":{"line":13,"column":null}},"1":{"start":{"line":8,"column":16},"end":{"line":8,"column":null}},"2":{"start":{"line":9,"column":2},"end":{"line":11,"column":null}},"3":{"start":{"line":10,"column":4},"end":{"line":10,"column":null}},"4":{"start":{"line":12,"column":2},"end":{"line":12,"column":null}}},"fnMap":{"0":{"name":"(anonymous_0)","decl":{"start":{"line":7,"column":21},"end":{"line":7,"column":22}},"loc":{"start":{"line":7,"column":58},"end":{"line":13,"column":null}}}},"branchMap":{"0":{"loc":{"start":{"line":9,"column":2},"end":{"line":11,"column":null}},"type":"if","locations":[{"start":{"line":9,"column":2},"end":{"line":11,"column":null}},{"start":{},"end":{}}]}},"s":{"0":0,"1":0,"2":0,"3":0,"4":0},"f":{"0":0},"b":{"0":[0,0]}}
,"C:/Users/makel/Documents/react/todo-appTS/src/components/header.tsx": {"path":"C:/Users/makel/Documents/react/todo-appTS/src/components/header.tsx","statementMap":{"0":{"start":{"line":6,"column":15},"end":{"line":101,"column":null}},"1":{"start":{"line":7,"column":19},"end":{"line":7,"column":null}},"2":{"start":{"line":8,"column":21},"end":{"line":8,"column":null}},"3":{"start":{"line":10,"column":2},"end":{"line":99,"column":null}}},"fnMap":{"0":{"name":"(anonymous_0)","decl":{"start":{"line":6,"column":15},"end":{"line":6,"column":21}},"loc":{"start":{"line":6,"column":21},"end":{"line":101,"column":null}}}},"branchMap":{"0":{"loc":{"start":{"line":47,"column":23},"end":{"line":47,"column":null}},"type":"cond-expr","locations":[{"start":{"line":47,"column":51},"end":{"line":47,"column":60}},{"start":{"line":47,"column":60},"end":{"line":47,"column":null}}]},"1":{"loc":{"start":{"line":48,"column":28},"end":{"line":48,"column":null}},"type":"cond-expr","locations":[{"start":{"line":48,"column":56},"end":{"line":48,"column":65}},{"start":{"line":48,"column":65},"end":{"line":48,"column":null}}]},"2":{"loc":{"start":{"line":55,"column":11},"end":{"line":67,"column":null}},"type":"binary-expr","locations":[{"start":{"line":55,"column":11},"end":{"line":55,"column":null}},{"start":{"line":56,"column":12},"end":{"line":67,"column":null}}]},"3":{"loc":{"start":{"line":60,"column":25},"end":{"line":60,"column":null}},"type":"cond-expr","locations":[{"start":{"line":60,"column":57},"end":{"line":60,"column":66}},{"start":{"line":60,"column":66},"end":{"line":60,"column":null}}]},"4":{"loc":{"start":{"line":61,"column":30},"end":{"line":61,"column":null}},"type":"cond-expr","locations":[{"start":{"line":61,"column":62},"end":{"line":61,"column":71}},{"start":{"line":61,"column":71},"end":{"line":61,"column":null}}]},"5":{"loc":{"start":{"line":74,"column":23},"end":{"line":74,"column":null}},"type":"cond-expr","locations":[{"start":{"line":74,"column":56},"end":{"line":74,"column":65}},{"start":{"line":74,"column":65},"end":{"line":74,"column":null}}]},"6":{"loc":{"start":{"line":75,"column":28},"end":{"line":75,"column":null}},"type":"cond-expr","locations":[{"start":{"line":75,"column":61},"end":{"line":75,"column":70}},{"start":{"line":75,"column":70},"end":{"line":75,"column":null}}]},"7":{"loc":{"start":{"line":87,"column":23},"end":{"line":87,"column":null}},"type":"cond-expr","locations":[{"start":{"line":87,"column":59},"end":{"line":87,"column":68}},{"start":{"line":87,"column":68},"end":{"line":87,"column":null}}]},"8":{"loc":{"start":{"line":89,"column":18},"end":{"line":89,"column":null}},"type":"cond-expr","locations":[{"start":{"line":89,"column":54},"end":{"line":89,"column":63}},{"start":{"line":89,"column":63},"end":{"line":89,"column":null}}]}},"s":{"0":4,"1":20,"2":20,"3":20},"f":{"0":20},"b":{"0":[13,7],"1":[13,7],"2":[20,5],"3":[1,4],"4":[1,4],"5":[0,20],"6":[0,20],"7":[0,20],"8":[0,20]}}
,"C:/Users/makel/Documents/react/todo-appTS/src/views/about/aboutView.tsx": {"path":"C:/Users/makel/Documents/react/todo-appTS/src/views/about/aboutView.tsx","statementMap":{"0":{"start":{"line":13,"column":18},"end":{"line":137,"column":null}},"1":{"start":{"line":14,"column":2},"end":{"line":137,"column":null}}},"fnMap":{"0":{"name":"(anonymous_0)","decl":{"start":{"line":13,"column":18},"end":{"line":13,"column":null}},"loc":{"start":{"line":14,"column":2},"end":{"line":137,"column":null}}}},"branchMap":{},"s":{"0":0,"1":0},"f":{"0":0},"b":{}}
,"C:/Users/makel/Documents/react/todo-appTS/src/views/contactus/contactView.tsx": {"path":"C:/Users/makel/Documents/react/todo-appTS/src/views/contactus/contactView.tsx","statementMap":{"0":{"start":{"line":12,"column":30},"end":{"line":124,"column":null}},"1":{"start":{"line":17,"column":6},"end":{"line":23,"column":null}},"2":{"start":{"line":25,"column":46},"end":{"line":45,"column":null}},"3":{"start":{"line":26,"column":4},"end":{"line":44,"column":null}},"4":{"start":{"line":27,"column":23},"end":{"line":34,"column":null}},"5":{"start":{"line":36,"column":6},"end":{"line":38,"column":null}},"6":{"start":{"line":37,"column":8},"end":{"line":37,"column":null}},"7":{"start":{"line":40,"column":21},"end":{"line":40,"column":null}},"8":{"start":{"line":41,"column":6},"end":{"line":41,"column":null}},"9":{"start":{"line":43,"column":6},"end":{"line":43,"column":null}},"10":{"start":{"line":47,"column":2},"end":{"line":122,"column":null}}},"fnMap":{"0":{"name":"(anonymous_0)","decl":{"start":{"line":12,"column":30},"end":{"line":12,"column":36}},"loc":{"start":{"line":12,"column":36},"end":{"line":124,"column":null}}},"1":{"name":"(anonymous_1)","decl":{"start":{"line":25,"column":46},"end":{"line":25,"column":53}},"loc":{"start":{"line":25,"column":62},"end":{"line":45,"column":null}}}},"branchMap":{"0":{"loc":{"start":{"line":36,"column":6},"end":{"line":38,"column":null}},"type":"if","locations":[{"start":{"line":36,"column":6},"end":{"line":38,"column":null}},{"start":{},"end":{}}]},"1":{"loc":{"start":{"line":77,"column":28},"end":{"line":77,"column":null}},"type":"binary-expr","locations":[{"start":{"line":77,"column":28},"end":{"line":77,"column":53}},{"start":{"line":77,"column":53},"end":{"line":77,"column":null}}]},"2":{"loc":{"start":{"line":92,"column":28},"end":{"line":92,"column":null}},"type":"binary-expr","locations":[{"start":{"line":92,"column":28},"end":{"line":92,"column":54}},{"start":{"line":92,"column":54},"end":{"line":92,"column":null}}]},"3":{"loc":{"start":{"line":107,"column":26},"end":{"line":107,"column":null}},"type":"binary-expr","locations":[{"start":{"line":107,"column":26},"end":{"line":107,"column":54}},{"start":{"line":107,"column":54},"end":{"line":107,"column":null}}]}},"s":{"0":1,"1":7,"2":7,"3":0,"4":0,"5":0,"6":0,"7":0,"8":0,"9":0,"10":7},"f":{"0":7,"1":0},"b":{"0":[0,0],"1":[7,5],"2":[7,3],"3":[7,3]}}
,"C:/Users/makel/Documents/react/todo-appTS/src/views/contactus/contactViewOLD.tsx": {"path":"C:/Users/makel/Documents/react/todo-appTS/src/views/contactus/contactViewOLD.tsx","statementMap":{"0":{"start":{"line":8,"column":20},"end":{"line":200,"column":null}},"1":{"start":{"line":9,"column":30},"end":{"line":9,"column":null}},"2":{"start":{"line":10,"column":35},"end":{"line":10,"column":null}},"3":{"start":{"line":11,"column":26},"end":{"line":11,"column":null}},"4":{"start":{"line":13,"column":23},"end":{"line":19,"column":null}},"5":{"start":{"line":14,"column":28},"end":{"line":14,"column":null}},"6":{"start":{"line":15,"column":4},"end":{"line":15,"column":null}},"7":{"start":{"line":16,"column":4},"end":{"line":18,"column":null}},"8":{"start":{"line":17,"column":6},"end":{"line":17,"column":null}},"9":{"start":{"line":20,"column":25},"end":{"line":20,"column":null}},"10":{"start":{"line":22,"column":27},"end":{"line":64,"column":null}},"11":{"start":{"line":23,"column":20},"end":{"line":23,"column":null}},"12":{"start":{"line":23,"column":27},"end":{"line":23,"column":null}},"13":{"start":{"line":24,"column":23},"end":{"line":24,"column":null}},"14":{"start":{"line":24,"column":41},"end":{"line":24,"column":null}},"15":{"start":{"line":25,"column":22},"end":{"line":25,"column":null}},"16":{"start":{"line":25,"column":40},"end":{"line":25,"column":null}},"17":{"start":{"line":26,"column":25},"end":{"line":27,"column":null}},"18":{"start":{"line":27,"column":6},"end":{"line":27,"column":null}},"19":{"start":{"line":29,"column":42},"end":{"line":29,"column":null}},"20":{"start":{"line":29,"column":49},"end":{"line":29,"column":null}},"21":{"start":{"line":32,"column":4},"end":{"line":42,"column":null}},"22":{"start":{"line":33,"column":6},"end":{"line":41,"column":null}},"23":{"start":{"line":34,"column":8},"end":{"line":34,"column":null}},"24":{"start":{"line":35,"column":6},"end":{"line":41,"column":null}},"25":{"start":{"line":36,"column":8},"end":{"line":36,"column":null}},"26":{"start":{"line":37,"column":6},"end":{"line":41,"column":null}},"27":{"start":{"line":38,"column":8},"end":{"line":38,"column":null}},"28":{"start":{"line":40,"column":8},"end":{"line":40,"column":null}},"29":{"start":{"line":44,"column":4},"end":{"line":52,"column":null}},"30":{"start":{"line":45,"column":6},"end":{"line":51,"column":null}},"31":{"start":{"line":46,"column":8},"end":{"line":46,"column":null}},"32":{"start":{"line":47,"column":6},"end":{"line":51,"column":null}},"33":{"start":{"line":48,"column":8},"end":{"line":48,"column":null}},"34":{"start":{"line":50,"column":8},"end":{"line":50,"column":null}},"35":{"start":{"line":55,"column":4},"end":{"line":61,"column":null}},"36":{"start":{"line":56,"column":6},"end":{"line":60,"column":null}},"37":{"start":{"line":57,"column":8},"end":{"line":57,"column":null}},"38":{"start":{"line":59,"column":8},"end":{"line":59,"column":null}},"39":{"start":{"line":63,"column":4},"end":{"line":63,"column":null}},"40":{"start":{"line":66,"column":34},"end":{"line":66,"column":null}},"41":{"start":{"line":68,"column":21},"end":{"line":125,"column":null}},"42":{"start":{"line":69,"column":4},"end":{"line":69,"column":null}},"43":{"start":{"line":70,"column":4},"end":{"line":73,"column":null}},"44":{"start":{"line":71,"column":6},"end":{"line":71,"column":null}},"45":{"start":{"line":72,"column":6},"end":{"line":72,"column":null}},"46":{"start":{"line":75,"column":22},"end":{"line":75,"column":null}},"47":{"start":{"line":76,"column":4},"end":{"line":79,"column":null}},"48":{"start":{"line":77,"column":6},"end":{"line":77,"column":null}},"49":{"start":{"line":78,"column":6},"end":{"line":78,"column":null}},"50":{"start":{"line":80,"column":17},"end":{"line":80,"column":null}},"51":{"start":{"line":81,"column":17},"end":{"line":81,"column":null}},"52":{"start":{"line":82,"column":23},"end":{"line":82,"column":null}},"53":{"start":{"line":83,"column":26},"end":{"line":83,"column":null}},"54":{"start":{"line":83,"column":68},"end":{"line":83,"column":74}},"55":{"start":{"line":85,"column":4},"end":{"line":99,"column":null}},"56":{"start":{"line":86,"column":6},"end":{"line":89,"column":null}},"57":{"start":{"line":87,"column":8},"end":{"line":87,"column":null}},"58":{"start":{"line":88,"column":8},"end":{"line":88,"column":null}},"59":{"start":{"line":90,"column":6},"end":{"line":93,"column":null}},"60":{"start":{"line":91,"column":8},"end":{"line":91,"column":null}},"61":{"start":{"line":92,"column":8},"end":{"line":92,"column":null}},"62":{"start":{"line":94,"column":6},"end":{"line":97,"column":null}},"63":{"start":{"line":95,"column":8},"end":{"line":95,"column":null}},"64":{"start":{"line":96,"column":8},"end":{"line":96,"column":null}},"65":{"start":{"line":98,"column":6},"end":{"line":98,"column":null}},"66":{"start":{"line":101,"column":4},"end":{"line":124,"column":null}},"67":{"start":{"line":102,"column":6},"end":{"line":102,"column":null}},"68":{"start":{"line":103,"column":6},"end":{"line":105,"column":null}},"69":{"start":{"line":104,"column":8},"end":{"line":104,"column":null}},"70":{"start":{"line":107,"column":23},"end":{"line":114,"column":null}},"71":{"start":{"line":116,"column":6},"end":{"line":118,"column":null}},"72":{"start":{"line":117,"column":8},"end":{"line":117,"column":null}},"73":{"start":{"line":119,"column":6},"end":{"line":119,"column":null}},"74":{"start":{"line":120,"column":21},"end":{"line":120,"column":null}},"75":{"start":{"line":121,"column":6},"end":{"line":121,"column":null}},"76":{"start":{"line":123,"column":6},"end":{"line":123,"column":null}},"77":{"start":{"line":127,"column":2},"end":{"line":198,"column":null}},"78":{"start":{"line":145,"column":14},"end":{"line":147,"column":null}},"79":{"start":{"line":146,"column":16},"end":{"line":146,"column":null}}},"fnMap":{"0":{"name":"(anonymous_0)","decl":{"start":{"line":8,"column":20},"end":{"line":8,"column":26}},"loc":{"start":{"line":8,"column":26},"end":{"line":200,"column":null}}},"1":{"name":"(anonymous_1)","decl":{"start":{"line":13,"column":23},"end":{"line":13,"column":24}},"loc":{"start":{"line":13,"column":30},"end":{"line":19,"column":null}}},"2":{"name":"(anonymous_2)","decl":{"start":{"line":22,"column":27},"end":{"line":22,"column":28}},"loc":{"start":{"line":22,"column":44},"end":{"line":64,"column":null}}},"3":{"name":"(anonymous_3)","decl":{"start":{"line":23,"column":20},"end":{"line":23,"column":21}},"loc":{"start":{"line":23,"column":27},"end":{"line":23,"column":null}}},"4":{"name":"(anonymous_4)","decl":{"start":{"line":24,"column":23},"end":{"line":24,"column":24}},"loc":{"start":{"line":24,"column":41},"end":{"line":24,"column":null}}},"5":{"name":"(anonymous_5)","decl":{"start":{"line":25,"column":22},"end":{"line":25,"column":23}},"loc":{"start":{"line":25,"column":40},"end":{"line":25,"column":null}}},"6":{"name":"(anonymous_6)","decl":{"start":{"line":26,"column":25},"end":{"line":26,"column":26}},"loc":{"start":{"line":27,"column":6},"end":{"line":27,"column":null}}},"7":{"name":"(anonymous_7)","decl":{"start":{"line":29,"column":42},"end":{"line":29,"column":43}},"loc":{"start":{"line":29,"column":49},"end":{"line":29,"column":null}}},"8":{"name":"(anonymous_8)","decl":{"start":{"line":68,"column":21},"end":{"line":68,"column":28}},"loc":{"start":{"line":68,"column":34},"end":{"line":125,"column":null}}},"9":{"name":"(anonymous_9)","decl":{"start":{"line":83,"column":57},"end":{"line":83,"column":58}},"loc":{"start":{"line":83,"column":68},"end":{"line":83,"column":74}}},"10":{"name":"(anonymous_10)","decl":{"start":{"line":103,"column":17},"end":{"line":103,"column":23}},"loc":{"start":{"line":103,"column":23},"end":{"line":105,"column":9}}},"11":{"name":"(anonymous_11)","decl":{"start":{"line":144,"column":22},"end":{"line":144,"column":23}},"loc":{"start":{"line":144,"column":36},"end":{"line":148,"column":null}}}},"branchMap":{"0":{"loc":{"start":{"line":16,"column":4},"end":{"line":18,"column":null}},"type":"if","locations":[{"start":{"line":16,"column":4},"end":{"line":18,"column":null}},{"start":{},"end":{}}]},"1":{"loc":{"start":{"line":32,"column":4},"end":{"line":42,"column":null}},"type":"if","locations":[{"start":{"line":32,"column":4},"end":{"line":42,"column":null}},{"start":{},"end":{}}]},"2":{"loc":{"start":{"line":33,"column":6},"end":{"line":41,"column":null}},"type":"if","locations":[{"start":{"line":33,"column":6},"end":{"line":41,"column":null}},{"start":{"line":35,"column":6},"end":{"line":41,"column":null}}]},"3":{"loc":{"start":{"line":35,"column":6},"end":{"line":41,"column":null}},"type":"if","locations":[{"start":{"line":35,"column":6},"end":{"line":41,"column":null}},{"start":{"line":37,"column":6},"end":{"line":41,"column":null}}]},"4":{"loc":{"start":{"line":37,"column":6},"end":{"line":41,"column":null}},"type":"if","locations":[{"start":{"line":37,"column":6},"end":{"line":41,"column":null}},{"start":{"line":39,"column":13},"end":{"line":41,"column":null}}]},"5":{"loc":{"start":{"line":44,"column":4},"end":{"line":52,"column":null}},"type":"if","locations":[{"start":{"line":44,"column":4},"end":{"line":52,"column":null}},{"start":{},"end":{}}]},"6":{"loc":{"start":{"line":45,"column":6},"end":{"line":51,"column":null}},"type":"if","locations":[{"start":{"line":45,"column":6},"end":{"line":51,"column":null}},{"start":{"line":47,"column":6},"end":{"line":51,"column":null}}]},"7":{"loc":{"start":{"line":47,"column":6},"end":{"line":51,"column":null}},"type":"if","locations":[{"start":{"line":47,"column":6},"end":{"line":51,"column":null}},{"start":{"line":49,"column":13},"end":{"line":51,"column":null}}]},"8":{"loc":{"start":{"line":55,"column":4},"end":{"line":61,"column":null}},"type":"if","locations":[{"start":{"line":55,"column":4},"end":{"line":61,"column":null}},{"start":{},"end":{}}]},"9":{"loc":{"start":{"line":56,"column":6},"end":{"line":60,"column":null}},"type":"if","locations":[{"start":{"line":56,"column":6},"end":{"line":60,"column":null}},{"start":{"line":58,"column":13},"end":{"line":60,"column":null}}]},"10":{"loc":{"start":{"line":70,"column":4},"end":{"line":73,"column":null}},"type":"if","locations":[{"start":{"line":70,"column":4},"end":{"line":73,"column":null}},{"start":{},"end":{}}]},"11":{"loc":{"start":{"line":76,"column":4},"end":{"line":79,"column":null}},"type":"if","locations":[{"start":{"line":76,"column":4},"end":{"line":79,"column":null}},{"start":{},"end":{}}]},"12":{"loc":{"start":{"line":85,"column":4},"end":{"line":99,"column":null}},"type":"if","locations":[{"start":{"line":85,"column":4},"end":{"line":99,"column":null}},{"start":{},"end":{}}]},"13":{"loc":{"start":{"line":86,"column":6},"end":{"line":89,"column":null}},"type":"if","locations":[{"start":{"line":86,"column":6},"end":{"line":89,"column":null}},{"start":{},"end":{}}]},"14":{"loc":{"start":{"line":90,"column":6},"end":{"line":93,"column":null}},"type":"if","locations":[{"start":{"line":90,"column":6},"end":{"line":93,"column":null}},{"start":{},"end":{}}]},"15":{"loc":{"start":{"line":94,"column":6},"end":{"line":97,"column":null}},"type":"if","locations":[{"start":{"line":94,"column":6},"end":{"line":97,"column":null}},{"start":{},"end":{}}]},"16":{"loc":{"start":{"line":116,"column":6},"end":{"line":118,"column":null}},"type":"if","locations":[{"start":{"line":116,"column":6},"end":{"line":118,"column":null}},{"start":{},"end":{}}]},"17":{"loc":{"start":{"line":145,"column":14},"end":{"line":147,"column":null}},"type":"if","locations":[{"start":{"line":145,"column":14},"end":{"line":147,"column":null}},{"start":{},"end":{}}]},"18":{"loc":{"start":{"line":159,"column":28},"end":{"line":159,"column":null}},"type":"binary-expr","locations":[{"start":{"line":159,"column":28},"end":{"line":159,"column":44}},{"start":{"line":159,"column":44},"end":{"line":159,"column":null}}]},"19":{"loc":{"start":{"line":169,"column":28},"end":{"line":169,"column":null}},"type":"binary-expr","locations":[{"start":{"line":169,"column":28},"end":{"line":169,"column":45}},{"start":{"line":169,"column":45},"end":{"line":169,"column":null}}]},"20":{"loc":{"start":{"line":183,"column":26},"end":{"line":183,"column":null}},"type":"binary-expr","locations":[{"start":{"line":183,"column":26},"end":{"line":183,"column":45}},{"start":{"line":183,"column":45},"end":{"line":183,"column":null}}]},"21":{"loc":{"start":{"line":193,"column":15},"end":{"line":193,"column":null}},"type":"cond-expr","locations":[{"start":{"line":193,"column":25},"end":{"line":193,"column":43}},{"start":{"line":193,"column":43},"end":{"line":193,"column":null}}]}},"s":{"0":0,"1":0,"2":0,"3":0,"4":0,"5":0,"6":0,"7":0,"8":0,"9":0,"10":0,"11":0,"12":0,"13":0,"14":0,"15":0,"16":0,"17":0,"18":0,"19":0,"20":0,"21":0,"22":0,"23":0,"24":0,"25":0,"26":0,"27":0,"28":0,"29":0,"30":0,"31":0,"32":0,"33":0,"34":0,"35":0,"36":0,"37":0,"38":0,"39":0,"40":0,"41":0,"42":0,"43":0,"44":0,"45":0,"46":0,"47":0,"48":0,"49":0,"50":0,"51":0,"52":0,"53":0,"54":0,"55":0,"56":0,"57":0,"58":0,"59":0,"60":0,"61":0,"62":0,"63":0,"64":0,"65":0,"66":0,"67":0,"68":0,"69":0,"70":0,"71":0,"72":0,"73":0,"74":0,"75":0,"76":0,"77":0,"78":0,"79":0},"f":{"0":0,"1":0,"2":0,"3":0,"4":0,"5":0,"6":0,"7":0,"8":0,"9":0,"10":0,"11":0},"b":{"0":[0,0],"1":[0,0],"2":[0,0],"3":[0,0],"4":[0,0],"5":[0,0],"6":[0,0],"7":[0,0],"8":[0,0],"9":[0,0],"10":[0,0],"11":[0,0],"12":[0,0],"13":[0,0],"14":[0,0],"15":[0,0],"16":[0,0],"17":[0,0],"18":[0,0],"19":[0,0],"20":[0,0],"21":[0,0]}}
,"C:/Users/makel/Documents/react/todo-appTS/src/views/feedback/feedbackView.tsx": {"path":"C:/Users/makel/Documents/react/todo-appTS/src/views/feedback/feedbackView.tsx","statementMap":{"0":{"start":{"line":4,"column":21},"end":{"line":27,"column":null}},"1":{"start":{"line":5,"column":2},"end":{"line":25,"column":null}}},"fnMap":{"0":{"name":"(anonymous_0)","decl":{"start":{"line":4,"column":21},"end":{"line":4,"column":27}},"loc":{"start":{"line":4,"column":27},"end":{"line":27,"column":null}}}},"branchMap":{},"s":{"0":0,"1":0},"f":{"0":0},"b":{}}
,"C:/Users/makel/Documents/react/todo-appTS/src/views/home/homeView.tsx": {"path":"C:/Users/makel/Documents/react/todo-appTS/src/views/home/homeView.tsx","statementMap":{"0":{"start":{"line":6,"column":17},"end":{"line":103,"column":null}},"1":{"start":{"line":7,"column":2},"end":{"line":101,"column":null}}},"fnMap":{"0":{"name":"(anonymous_0)","decl":{"start":{"line":6,"column":17},"end":{"line":6,"column":23}},"loc":{"start":{"line":6,"column":23},"end":{"line":103,"column":null}}}},"branchMap":{},"s":{"0":0,"1":0},"f":{"0":0},"b":{}}
,"C:/Users/makel/Documents/react/todo-appTS/src/views/list/listView.tsx": {"path":"C:/Users/makel/Documents/react/todo-appTS/src/views/list/listView.tsx","statementMap":{"0":{"start":{"line":7,"column":17},"end":{"line":86,"column":null}},"1":{"start":{"line":8,"column":28},"end":{"line":8,"column":null}},"2":{"start":{"line":9,"column":26},"end":{"line":9,"column":null}},"3":{"start":{"line":10,"column":39},"end":{"line":10,"column":null}},"4":{"start":{"line":12,"column":2},"end":{"line":23,"column":null}},"5":{"start":{"line":14,"column":6},"end":{"line":20,"column":null}},"6":{"start":{"line":15,"column":25},"end":{"line":15,"column":null}},"7":{"start":{"line":16,"column":21},"end":{"line":16,"column":null}},"8":{"start":{"line":17,"column":8},"end":{"line":17,"column":null}},"9":{"start":{"line":19,"column":8},"end":{"line":19,"column":null}},"10":{"start":{"line":22,"column":4},"end":{"line":22,"column":null}},"11":{"start":{"line":25,"column":21},"end":{"line":31,"column":null}},"12":{"start":{"line":26,"column":4},"end":{"line":30,"column":null}},"13":{"start":{"line":27,"column":6},"end":{"line":29,"column":null}},"14":{"start":{"line":28,"column":8},"end":{"line":28,"column":null}},"15":{"start":{"line":33,"column":15},"end":{"line":42,"column":null}},"16":{"start":{"line":34,"column":17},"end":{"line":34,"column":null}},"17":{"start":{"line":34,"column":46},"end":{"line":34,"column":60}},"18":{"start":{"line":35,"column":4},"end":{"line":41,"column":null}},"19":{"start":{"line":36,"column":6},"end":{"line":40,"column":null}},"20":{"start":{"line":37,"column":8},"end":{"line":39,"column":null}},"21":{"start":{"line":38,"column":10},"end":{"line":38,"column":null}},"22":{"start":{"line":44,"column":15},"end":{"line":50,"column":null}},"23":{"start":{"line":45,"column":4},"end":{"line":49,"column":null}},"24":{"start":{"line":46,"column":6},"end":{"line":48,"column":null}},"25":{"start":{"line":47,"column":8},"end":{"line":47,"column":null}},"26":{"start":{"line":52,"column":21},"end":{"line":60,"column":null}},"27":{"start":{"line":53,"column":4},"end":{"line":59,"column":null}},"28":{"start":{"line":54,"column":21},"end":{"line":54,"column":31}},"29":{"start":{"line":56,"column":8},"end":{"line":58,"column":null}},"30":{"start":{"line":57,"column":10},"end":{"line":57,"column":null}},"31":{"start":{"line":57,"column":29},"end":{"line":57,"column":66}},"32":{"start":{"line":57,"column":51},"end":{"line":57,"column":65}},"33":{"start":{"line":62,"column":2},"end":{"line":84,"column":null}}},"fnMap":{"0":{"name":"(anonymous_0)","decl":{"start":{"line":7,"column":17},"end":{"line":7,"column":23}},"loc":{"start":{"line":7,"column":23},"end":{"line":86,"column":null}}},"1":{"name":"(anonymous_1)","decl":{"start":{"line":12,"column":12},"end":{"line":12,"column":18}},"loc":{"start":{"line":12,"column":18},"end":{"line":23,"column":5}}},"2":{"name":"fetchTodos","decl":{"start":{"line":13,"column":19},"end":{"line":13,"column":32}},"loc":{"start":{"line":13,"column":32},"end":{"line":21,"column":null}}},"3":{"name":"(anonymous_3)","decl":{"start":{"line":25,"column":21},"end":{"line":25,"column":22}},"loc":{"start":{"line":25,"column":37},"end":{"line":31,"column":null}}},"4":{"name":"(anonymous_4)","decl":{"start":{"line":26,"column":13},"end":{"line":26,"column":14}},"loc":{"start":{"line":27,"column":6},"end":{"line":29,"column":null}}},"5":{"name":"(anonymous_5)","decl":{"start":{"line":27,"column":15},"end":{"line":27,"column":16}},"loc":{"start":{"line":28,"column":8},"end":{"line":28,"column":null}}},"6":{"name":"(anonymous_6)","decl":{"start":{"line":33,"column":15},"end":{"line":33,"column":16}},"loc":{"start":{"line":33,"column":31},"end":{"line":42,"column":null}}},"7":{"name":"(anonymous_7)","decl":{"start":{"line":34,"column":36},"end":{"line":34,"column":37}},"loc":{"start":{"line":34,"column":46},"end":{"line":34,"column":60}}},"8":{"name":"(anonymous_8)","decl":{"start":{"line":36,"column":15},"end":{"line":36,"column":16}},"loc":{"start":{"line":37,"column":8},"end":{"line":39,"column":null}}},"9":{"name":"(anonymous_9)","decl":{"start":{"line":37,"column":17},"end":{"line":37,"column":18}},"loc":{"start":{"line":38,"column":10},"end":{"line":38,"column":null}}},"10":{"name":"(anonymous_10)","decl":{"start":{"line":44,"column":15},"end":{"line":44,"column":16}},"loc":{"start":{"line":44,"column":23},"end":{"line":50,"column":null}}},"11":{"name":"(anonymous_11)","decl":{"start":{"line":45,"column":13},"end":{"line":45,"column":14}},"loc":{"start":{"line":46,"column":6},"end":{"line":48,"column":null}}},"12":{"name":"(anonymous_12)","decl":{"start":{"line":46,"column":15},"end":{"line":46,"column":16}},"loc":{"start":{"line":47,"column":8},"end":{"line":47,"column":null}}},"13":{"name":"(anonymous_13)","decl":{"start":{"line":52,"column":21},"end":{"line":52,"column":22}},"loc":{"start":{"line":52,"column":29},"end":{"line":60,"column":null}}},"14":{"name":"(anonymous_14)","decl":{"start":{"line":54,"column":12},"end":{"line":54,"column":13}},"loc":{"start":{"line":54,"column":21},"end":{"line":54,"column":31}}},"15":{"name":"(anonymous_15)","decl":{"start":{"line":55,"column":12},"end":{"line":55,"column":13}},"loc":{"start":{"line":55,"column":22},"end":{"line":59,"column":7}}},"16":{"name":"(anonymous_16)","decl":{"start":{"line":57,"column":19},"end":{"line":57,"column":20}},"loc":{"start":{"line":57,"column":29},"end":{"line":57,"column":66}}},"17":{"name":"(anonymous_17)","decl":{"start":{"line":57,"column":41},"end":{"line":57,"column":42}},"loc":{"start":{"line":57,"column":51},"end":{"line":57,"column":65}}}},"branchMap":{"0":{"loc":{"start":{"line":28,"column":8},"end":{"line":28,"column":null}},"type":"cond-expr","locations":[{"start":{"line":28,"column":25},"end":{"line":28,"column":67}},{"start":{"line":28,"column":67},"end":{"line":28,"column":null}}]},"1":{"loc":{"start":{"line":35,"column":4},"end":{"line":41,"column":null}},"type":"if","locations":[{"start":{"line":35,"column":4},"end":{"line":41,"column":null}},{"start":{},"end":{}}]},"2":{"loc":{"start":{"line":38,"column":10},"end":{"line":38,"column":null}},"type":"cond-expr","locations":[{"start":{"line":38,"column":27},"end":{"line":38,"column":76}},{"start":{"line":38,"column":76},"end":{"line":38,"column":null}}]},"3":{"loc":{"start":{"line":47,"column":8},"end":{"line":47,"column":null}},"type":"cond-expr","locations":[{"start":{"line":47,"column":25},"end":{"line":47,"column":57}},{"start":{"line":47,"column":57},"end":{"line":47,"column":null}}]},"4":{"loc":{"start":{"line":56,"column":8},"end":{"line":58,"column":null}},"type":"if","locations":[{"start":{"line":56,"column":8},"end":{"line":58,"column":null}},{"start":{},"end":{}}]}},"s":{"0":0,"1":0,"2":0,"3":0,"4":0,"5":0,"6":0,"7":0,"8":0,"9":0,"10":0,"11":0,"12":0,"13":0,"14":0,"15":0,"16":0,"17":0,"18":0,"19":0,"20":0,"21":0,"22":0,"23":0,"24":0,"25":0,"26":0,"27":0,"28":0,"29":0,"30":0,"31":0,"32":0,"33":0},"f":{"0":0,"1":0,"2":0,"3":0,"4":0,"5":0,"6":0,"7":0,"8":0,"9":0,"10":0,"11":0,"12":0,"13":0,"14":0,"15":0,"16":0,"17":0},"b":{"0":[0,0],"1":[0,0],"2":[0,0],"3":[0,0],"4":[0,0]}}
,"C:/Users/makel/Documents/react/todo-appTS/src/views/list/components/addTodo/addForm/addForm.tsx": {"path":"C:/Users/makel/Documents/react/todo-appTS/src/views/list/components/addTodo/addForm/addForm.tsx","statementMap":{"0":{"start":{"line":5,"column":17},"end":{"line":23,"column":null}},"1":{"start":{"line":6,"column":2},"end":{"line":21,"column":null}},"2":{"start":{"line":15,"column":25},"end":{"line":15,"column":null}}},"fnMap":{"0":{"name":"(anonymous_0)","decl":{"start":{"line":5,"column":17},"end":{"line":5,"column":18}},"loc":{"start":{"line":5,"column":55},"end":{"line":23,"column":null}}},"1":{"name":"(anonymous_1)","decl":{"start":{"line":15,"column":18},"end":{"line":15,"column":19}},"loc":{"start":{"line":15,"column":25},"end":{"line":15,"column":null}}}},"branchMap":{},"s":{"0":2,"1":2,"2":0},"f":{"0":2,"1":0},"b":{}}
,"C:/Users/makel/Documents/react/todo-appTS/src/views/list/components/addTodo/addbutton/addbutton.tsx": {"path":"C:/Users/makel/Documents/react/todo-appTS/src/views/list/components/addTodo/addbutton/addbutton.tsx","statementMap":{"0":{"start":{"line":15,"column":44},"end":{"line":61,"column":null}},"1":{"start":{"line":16,"column":36},"end":{"line":16,"column":null}},"2":{"start":{"line":18,"column":27},"end":{"line":18,"column":null}},"3":{"start":{"line":18,"column":33},"end":{"line":18,"column":null}},"4":{"start":{"line":18,"column":56},"end":{"line":18,"column":61}},"5":{"start":{"line":20,"column":24},"end":{"line":34,"column":null}},"6":{"start":{"line":21,"column":4},"end":{"line":21,"column":null}},"7":{"start":{"line":21,"column":22},"end":{"line":21,"column":null}},"8":{"start":{"line":23,"column":4},"end":{"line":33,"column":null}},"9":{"start":{"line":28,"column":21},"end":{"line":28,"column":31}},"10":{"start":{"line":30,"column":8},"end":{"line":30,"column":null}},"11":{"start":{"line":30,"column":27},"end":{"line":30,"column":42}},"12":{"start":{"line":31,"column":8},"end":{"line":31,"column":null}},"13":{"start":{"line":33,"column":22},"end":{"line":33,"column":62}},"14":{"start":{"line":36,"column":2},"end":{"line":59,"column":null}}},"fnMap":{"0":{"name":"(anonymous_0)","decl":{"start":{"line":15,"column":44},"end":{"line":15,"column":45}},"loc":{"start":{"line":15,"column":77},"end":{"line":61,"column":null}}},"1":{"name":"(anonymous_1)","decl":{"start":{"line":18,"column":27},"end":{"line":18,"column":33}},"loc":{"start":{"line":18,"column":33},"end":{"line":18,"column":null}}},"2":{"name":"(anonymous_2)","decl":{"start":{"line":18,"column":46},"end":{"line":18,"column":47}},"loc":{"start":{"line":18,"column":56},"end":{"line":18,"column":61}}},"3":{"name":"(anonymous_3)","decl":{"start":{"line":20,"column":24},"end":{"line":20,"column":30}},"loc":{"start":{"line":20,"column":30},"end":{"line":34,"column":null}}},"4":{"name":"(anonymous_4)","decl":{"start":{"line":28,"column":12},"end":{"line":28,"column":13}},"loc":{"start":{"line":28,"column":21},"end":{"line":28,"column":31}}},"5":{"name":"(anonymous_5)","decl":{"start":{"line":29,"column":12},"end":{"line":29,"column":13}},"loc":{"start":{"line":29,"column":22},"end":{"line":32,"column":7}}},"6":{"name":"(anonymous_6)","decl":{"start":{"line":30,"column":17},"end":{"line":30,"column":18}},"loc":{"start":{"line":30,"column":27},"end":{"line":30,"column":42}}},"7":{"name":"(anonymous_7)","decl":{"start":{"line":33,"column":13},"end":{"line":33,"column":14}},"loc":{"start":{"line":33,"column":22},"end":{"line":33,"column":62}}}},"branchMap":{"0":{"loc":{"start":{"line":21,"column":4},"end":{"line":21,"column":null}},"type":"if","locations":[{"start":{"line":21,"column":4},"end":{"line":21,"column":null}},{"start":{},"end":{}}]},"1":{"loc":{"start":{"line":56,"column":7},"end":{"line":57,"column":null}},"type":"binary-expr","locations":[{"start":{"line":56,"column":7},"end":{"line":56,"column":null}},{"start":{"line":57,"column":8},"end":{"line":57,"column":null}}]}},"s":{"0":1,"1":4,"2":4,"3":2,"4":2,"5":4,"6":0,"7":0,"8":0,"9":0,"10":0,"11":0,"12":0,"13":0,"14":4},"f":{"0":4,"1":2,"2":2,"3":0,"4":0,"5":0,"6":0,"7":0},"b":{"0":[0,0],"1":[4,1]}}
,"C:/Users/makel/Documents/react/todo-appTS/src/views/list/components/item/item.tsx": {"path":"C:/Users/makel/Documents/react/todo-appTS/src/views/list/components/item/item.tsx","statementMap":{"0":{"start":{"line":4,"column":17},"end":{"line":114,"column":null}},"1":{"start":{"line":13,"column":2},"end":{"line":112,"column":null}},"2":{"start":{"line":36,"column":45},"end":{"line":36,"column":64}},"3":{"start":{"line":45,"column":33},"end":{"line":47,"column":null}},"4":{"start":{"line":46,"column":27},"end":{"line":46,"column":null}},"5":{"start":{"line":48,"column":29},"end":{"line":50,"column":null}},"6":{"start":{"line":52,"column":12},"end":{"line":62,"column":null}},"7":{"start":{"line":53,"column":14},"end":{"line":56,"column":null}},"8":{"start":{"line":58,"column":14},"end":{"line":61,"column":null}},"9":{"start":{"line":63,"column":12},"end":{"line":63,"column":null}},"10":{"start":{"line":67,"column":26},"end":{"line":67,"column":48}},"11":{"start":{"line":77,"column":23},"end":{"line":77,"column":null}},"12":{"start":{"line":93,"column":27},"end":{"line":93,"column":null}},"13":{"start":{"line":106,"column":27},"end":{"line":106,"column":null}}},"fnMap":{"0":{"name":"(anonymous_0)","decl":{"start":{"line":4,"column":17},"end":{"line":4,"column":18}},"loc":{"start":{"line":12,"column":6},"end":{"line":114,"column":null}}},"1":{"name":"(anonymous_1)","decl":{"start":{"line":36,"column":35},"end":{"line":36,"column":36}},"loc":{"start":{"line":36,"column":45},"end":{"line":36,"column":64}}},"2":{"name":"(anonymous_2)","decl":{"start":{"line":44,"column":20},"end":{"line":44,"column":21}},"loc":{"start":{"line":44,"column":27},"end":{"line":64,"column":null}}},"3":{"name":"(anonymous_3)","decl":{"start":{"line":46,"column":14},"end":{"line":46,"column":15}},"loc":{"start":{"line":46,"column":27},"end":{"line":46,"column":null}}},"4":{"name":"(anonymous_4)","decl":{"start":{"line":67,"column":20},"end":{"line":67,"column":26}},"loc":{"start":{"line":67,"column":26},"end":{"line":67,"column":48}}},"5":{"name":"(anonymous_5)","decl":{"start":{"line":77,"column":17},"end":{"line":77,"column":23}},"loc":{"start":{"line":77,"column":23},"end":{"line":77,"column":null}}},"6":{"name":"(anonymous_6)","decl":{"start":{"line":93,"column":21},"end":{"line":93,"column":27}},"loc":{"start":{"line":93,"column":27},"end":{"line":93,"column":null}}},"7":{"name":"(anonymous_7)","decl":{"start":{"line":106,"column":21},"end":{"line":106,"column":27}},"loc":{"start":{"line":106,"column":27},"end":{"line":106,"column":null}}}},"branchMap":{"0":{"loc":{"start":{"line":7,"column":2},"end":{"line":7,"column":null}},"type":"default-arg","locations":[{"start":{"line":7,"column":18},"end":{"line":7,"column":null}}]},"1":{"loc":{"start":{"line":26,"column":7},"end":{"line":67,"column":null}},"type":"cond-expr","locations":[{"start":{"line":27,"column":8},"end":{"line":65,"column":null}},{"start":{"line":67,"column":8},"end":{"line":67,"column":null}}]},"2":{"loc":{"start":{"line":34,"column":10},"end":{"line":37,"column":null}},"type":"binary-expr","locations":[{"start":{"line":35,"column":13},"end":{"line":37,"column":30}},{"start":{"line":37,"column":30},"end":{"line":37,"column":null}}]},"3":{"loc":{"start":{"line":35,"column":13},"end":{"line":37,"column":30}},"type":"cond-expr","locations":[{"start":{"line":36,"column":16},"end":{"line":36,"column":null}},{"start":{"line":37,"column":16},"end":{"line":37,"column":30}}]},"4":{"loc":{"start":{"line":48,"column":29},"end":{"line":50,"column":null}},"type":"cond-expr","locations":[{"start":{"line":49,"column":16},"end":{"line":49,"column":null}},{"start":{"line":50,"column":16},"end":{"line":50,"column":null}}]},"5":{"loc":{"start":{"line":52,"column":12},"end":{"line":62,"column":null}},"type":"if","locations":[{"start":{"line":52,"column":12},"end":{"line":62,"column":null}},{"start":{"line":57,"column":19},"end":{"line":62,"column":null}}]},"6":{"loc":{"start":{"line":82,"column":7},"end":{"line":110,"column":null}},"type":"binary-expr","locations":[{"start":{"line":82,"column":7},"end":{"line":82,"column":null}},{"start":{"line":83,"column":8},"end":{"line":110,"column":null}}]}},"s":{"0":2,"1":8,"2":0,"3":5,"4":0,"5":5,"6":5,"7":5,"8":0,"9":5,"10":1,"11":1,"12":2,"13":0},"f":{"0":8,"1":0,"2":5,"3":0,"4":1,"5":1,"6":2,"7":0},"b":{"0":[0],"1":[2,6],"2":[2,2],"3":[1,1],"4":[5,0],"5":[5,0],"6":[8,2]}}
,"C:/Users/makel/Documents/react/todo-appTS/src/views/list/components/list/list.tsx": {"path":"C:/Users/makel/Documents/react/todo-appTS/src/views/list/components/list/list.tsx","statementMap":{"0":{"start":{"line":4,"column":17},"end":{"line":46,"column":null}},"1":{"start":{"line":13,"column":2},"end":{"line":46,"column":null}},"2":{"start":{"line":25,"column":6},"end":{"line":44,"column":null}}},"fnMap":{"0":{"name":"(anonymous_0)","decl":{"start":{"line":4,"column":17},"end":{"line":4,"column":18}},"loc":{"start":{"line":13,"column":2},"end":{"line":46,"column":null}}},"1":{"name":"(anonymous_1)","decl":{"start":{"line":24,"column":15},"end":{"line":24,"column":16}},"loc":{"start":{"line":25,"column":6},"end":{"line":44,"column":null}}}},"branchMap":{},"s":{"0":1,"1":1,"2":3},"f":{"0":1,"1":3},"b":{}}
,"C:/Users/makel/Documents/react/todo-appTS/src/views/login/login.tsx": {"path":"C:/Users/makel/Documents/react/todo-appTS/src/views/login/login.tsx","statementMap":{"0":{"start":{"line":5,"column":14},"end":{"line":23,"column":null}},"1":{"start":{"line":6,"column":21},"end":{"line":6,"column":null}},"2":{"start":{"line":7,"column":17},"end":{"line":7,"column":null}},"3":{"start":{"line":8,"column":2},"end":{"line":21,"column":null}}},"fnMap":{"0":{"name":"(anonymous_0)","decl":{"start":{"line":5,"column":14},"end":{"line":5,"column":20}},"loc":{"start":{"line":5,"column":20},"end":{"line":23,"column":null}}}},"branchMap":{"0":{"loc":{"start":{"line":8,"column":9},"end":{"line":21,"column":null}},"type":"cond-expr","locations":[{"start":{"line":9,"column":4},"end":{"line":15,"column":null}},{"start":{"line":17,"column":4},"end":{"line":21,"column":null}}]}},"s":{"0":4,"1":19,"2":19,"3":19},"f":{"0":19},"b":{"0":[4,15]}}
,"C:/Users/makel/Documents/react/todo-appTS/src/views/login/loginView.tsx": {"path":"C:/Users/makel/Documents/react/todo-appTS/src/views/login/loginView.tsx","statementMap":{"0":{"start":{"line":12,"column":18},"end":{"line":133,"column":null}},"1":{"start":{"line":17,"column":6},"end":{"line":17,"column":null}},"2":{"start":{"line":18,"column":28},"end":{"line":18,"column":null}},"3":{"start":{"line":19,"column":12},"end":{"line":19,"column":null}},"4":{"start":{"line":21,"column":52},"end":{"line":47,"column":null}},"5":{"start":{"line":22,"column":4},"end":{"line":22,"column":null}},"6":{"start":{"line":23,"column":4},"end":{"line":46,"column":null}},"7":{"start":{"line":32,"column":26},"end":{"line":32,"column":41}},"8":{"start":{"line":34,"column":8},"end":{"line":34,"column":null}},"9":{"start":{"line":35,"column":8},"end":{"line":42,"column":null}},"10":{"start":{"line":36,"column":10},"end":{"line":36,"column":null}},"11":{"start":{"line":37,"column":10},"end":{"line":37,"column":null}},"12":{"start":{"line":38,"column":10},"end":{"line":38,"column":null}},"13":{"start":{"line":39,"column":10},"end":{"line":39,"column":null}},"14":{"start":{"line":41,"column":10},"end":{"line":41,"column":null}},"15":{"start":{"line":45,"column":8},"end":{"line":45,"column":null}},"16":{"start":{"line":49,"column":2},"end":{"line":131,"column":null}}},"fnMap":{"0":{"name":"(anonymous_0)","decl":{"start":{"line":12,"column":18},"end":{"line":12,"column":24}},"loc":{"start":{"line":12,"column":24},"end":{"line":133,"column":null}}},"1":{"name":"(anonymous_1)","decl":{"start":{"line":21,"column":52},"end":{"line":21,"column":53}},"loc":{"start":{"line":21,"column":62},"end":{"line":47,"column":null}}},"2":{"name":"(anonymous_2)","decl":{"start":{"line":32,"column":12},"end":{"line":32,"column":13}},"loc":{"start":{"line":32,"column":26},"end":{"line":32,"column":41}}},"3":{"name":"(anonymous_3)","decl":{"start":{"line":33,"column":12},"end":{"line":33,"column":13}},"loc":{"start":{"line":33,"column":22},"end":{"line":43,"column":7}}},"4":{"name":"(anonymous_4)","decl":{"start":{"line":44,"column":13},"end":{"line":44,"column":14}},"loc":{"start":{"line":44,"column":24},"end":{"line":46,"column":7}}}},"branchMap":{"0":{"loc":{"start":{"line":35,"column":8},"end":{"line":42,"column":null}},"type":"if","locations":[{"start":{"line":35,"column":8},"end":{"line":42,"column":null}},{"start":{"line":40,"column":15},"end":{"line":42,"column":null}}]},"1":{"loc":{"start":{"line":124,"column":11},"end":{"line":127,"column":null}},"type":"binary-expr","locations":[{"start":{"line":124,"column":11},"end":{"line":124,"column":null}},{"start":{"line":125,"column":12},"end":{"line":127,"column":null}}]}},"s":{"0":1,"1":8,"2":8,"3":8,"4":8,"5":2,"6":2,"7":2,"8":2,"9":2,"10":1,"11":1,"12":1,"13":1,"14":1,"15":0,"16":8},"f":{"0":8,"1":2,"2":2,"3":2,"4":0},"b":{"0":[1,1],"1":[8,1]}}
,"C:/Users/makel/Documents/react/todo-appTS/src/views/profile/profileView.tsx": {"path":"C:/Users/makel/Documents/react/todo-appTS/src/views/profile/profileView.tsx","statementMap":{"0":{"start":{"line":6,"column":20},"end":{"line":152,"column":null}},"1":{"start":{"line":7,"column":18},"end":{"line":7,"column":null}},"2":{"start":{"line":8,"column":19},"end":{"line":8,"column":null}},"3":{"start":{"line":9,"column":34},"end":{"line":9,"column":null}},"4":{"start":{"line":11,"column":2},"end":{"line":24,"column":null}},"5":{"start":{"line":12,"column":18},"end":{"line":12,"column":null}},"6":{"start":{"line":13,"column":4},"end":{"line":16,"column":null}},"7":{"start":{"line":14,"column":6},"end":{"line":14,"column":null}},"8":{"start":{"line":15,"column":6},"end":{"line":15,"column":null}},"9":{"start":{"line":18,"column":4},"end":{"line":23,"column":null}},"10":{"start":{"line":19,"column":6},"end":{"line":22,"column":null}},"11":{"start":{"line":20,"column":23},"end":{"line":20,"column":33}},"12":{"start":{"line":21,"column":24},"end":{"line":21,"column":41}},"13":{"start":{"line":22,"column":26},"end":{"line":22,"column":44}},"14":{"start":{"line":26,"column":23},"end":{"line":29,"column":null}},"15":{"start":{"line":27,"column":4},"end":{"line":27,"column":null}},"16":{"start":{"line":28,"column":4},"end":{"line":28,"column":null}},"17":{"start":{"line":31,"column":2},"end":{"line":151,"column":null}},"18":{"start":{"line":32,"column":4},"end":{"line":126,"column":null}},"19":{"start":{"line":129,"column":4},"end":{"line":149,"column":null}}},"fnMap":{"0":{"name":"(anonymous_0)","decl":{"start":{"line":6,"column":20},"end":{"line":6,"column":26}},"loc":{"start":{"line":6,"column":26},"end":{"line":152,"column":null}}},"1":{"name":"(anonymous_1)","decl":{"start":{"line":11,"column":12},"end":{"line":11,"column":18}},"loc":{"start":{"line":11,"column":18},"end":{"line":24,"column":5}}},"2":{"name":"(anonymous_2)","decl":{"start":{"line":20,"column":14},"end":{"line":20,"column":15}},"loc":{"start":{"line":20,"column":23},"end":{"line":20,"column":33}}},"3":{"name":"(anonymous_3)","decl":{"start":{"line":21,"column":14},"end":{"line":21,"column":15}},"loc":{"start":{"line":21,"column":24},"end":{"line":21,"column":41}}},"4":{"name":"(anonymous_4)","decl":{"start":{"line":22,"column":15},"end":{"line":22,"column":16}},"loc":{"start":{"line":22,"column":26},"end":{"line":22,"column":44}}},"5":{"name":"(anonymous_5)","decl":{"start":{"line":26,"column":23},"end":{"line":26,"column":29}},"loc":{"start":{"line":26,"column":29},"end":{"line":29,"column":null}}}},"branchMap":{"0":{"loc":{"start":{"line":13,"column":4},"end":{"line":16,"column":null}},"type":"if","locations":[{"start":{"line":13,"column":4},"end":{"line":16,"column":null}},{"start":{},"end":{}}]},"1":{"loc":{"start":{"line":18,"column":4},"end":{"line":23,"column":null}},"type":"if","locations":[{"start":{"line":18,"column":4},"end":{"line":23,"column":null}},{"start":{},"end":{}}]},"2":{"loc":{"start":{"line":31,"column":2},"end":{"line":151,"column":null}},"type":"if","locations":[{"start":{"line":31,"column":2},"end":{"line":151,"column":null}},{"start":{"line":128,"column":9},"end":{"line":151,"column":null}}]},"3":{"loc":{"start":{"line":86,"column":21},"end":{"line":86,"column":null}},"type":"binary-expr","locations":[{"start":{"line":86,"column":21},"end":{"line":86,"column":40}},{"start":{"line":86,"column":40},"end":{"line":86,"column":null}}]}},"s":{"0":1,"1":2,"2":2,"3":2,"4":2,"5":1,"6":1,"7":0,"8":0,"9":1,"10":1,"11":1,"12":1,"13":0,"14":2,"15":1,"16":1,"17":2,"18":2,"19":0},"f":{"0":2,"1":1,"2":1,"3":1,"4":0,"5":1},"b":{"0":[0,1],"1":[1,0],"2":[2,0],"3":[2,1]}}
}
